[04/07/2017 22:04:15] INFO     | Server initialized for eventlet.
[04/07/2017 22:04:16] WARNING  | Signed on as darthyoshibot
[04/07/2017 22:04:17] WARNING  | Reloading commands
[04/07/2017 22:04:17] WARNING  | Joined #darthyoshiboy
[04/07/2017 22:04:39] INFO     | darthyoshiboy: Test
[04/07/2017 22:05:34] ERROR    | Lost connection, reconnecting
[04/07/2017 22:17:41] INFO     | Server initialized for eventlet.
[04/07/2017 22:17:41] WARNING  | Signed on as darthyoshibot
[04/07/2017 22:17:44] WARNING  | Reloading commands
[04/07/2017 22:17:44] WARNING  | Joined #darthyoshiboy
[04/07/2017 22:18:14] INFO     | darthyoshiboy: Test again
[04/07/2017 22:18:48] WARNING  | Mod added: darthyoshiboy
[04/07/2017 22:18:48] WARNING  | Mod added: darthyoshibot
[04/07/2017 22:19:00] ERROR    | Lost connection, reconnecting
[04/07/2017 22:36:27] INFO     | Server initialized for eventlet.
[04/07/2017 22:36:27] WARNING  | Signed on as darthyoshibot
[04/07/2017 22:36:28] WARNING  | Reloading commands
[04/07/2017 22:36:28] WARNING  | Joined #darthyoshiboy
[04/07/2017 22:36:34] INFO     | darthyoshiboy: Test?
[04/07/2017 22:37:00] INFO     | blahdidah84: anything
[04/07/2017 22:37:30] WARNING  | Mod added: darthyoshiboy
[04/07/2017 22:37:30] WARNING  | Mod added: darthyoshibot
[04/07/2017 22:37:36] ERROR    | Lost connection, reconnecting
[04/07/2017 22:39:29] INFO     | Server initialized for eventlet.
[04/07/2017 22:39:29] WARNING  | Signed on as darthyoshibot
[04/07/2017 22:39:32] WARNING  | Reloading commands
[04/07/2017 22:39:32] WARNING  | Joined #darthyoshiboy
[04/07/2017 22:39:32] WARNING  | Mod added: darthyoshiboy
[04/07/2017 22:39:32] WARNING  | Mod added: blahdidah84
[04/07/2017 22:39:34] INFO     | darthyoshiboy: test again
[04/07/2017 22:39:42] INFO     | blahdidah84: not buts
[04/07/2017 22:40:46] ERROR    | Lost connection, reconnecting
[04/07/2017 22:42:01] INFO     | Server initialized for eventlet.
[04/07/2017 22:42:01] WARNING  | Signed on as darthyoshibot
[04/07/2017 22:42:04] WARNING  | Reloading commands
[04/07/2017 22:42:04] WARNING  | Joined #darthyoshiboy
[04/07/2017 22:42:05] INFO     | darthyoshiboy: test again
[04/07/2017 22:42:12] INFO     | blahdidah84: 3.I WANT CAKE
[04/07/2017 22:42:57] WARNING  | Mod added: darthyoshibot
[04/07/2017 22:42:57] WARNING  | Mod added: darthyoshiboy
[04/07/2017 22:42:57] WARNING  | Mod added: blahdidah84
[04/07/2017 22:43:02] INFO     | blahdidah84: kids should go to bed
[04/07/2017 22:43:07] INFO     | blahdidah84: CODING IS SILLY
[04/07/2017 22:43:10] ERROR    | Lost connection, reconnecting
[04/07/2017 22:59:27] INFO     | Server initialized for eventlet.
[04/07/2017 22:59:27] WARNING  | Signed on as darthyoshibot
[04/07/2017 22:59:34] WARNING  | Reloading commands
[04/07/2017 22:59:34] WARNING  | Joined #darthyoshiboy
[04/07/2017 22:59:44] INFO     | darthyoshiboy: test again
[04/07/2017 22:59:47] INFO     | darthyoshiboy: test again
[04/07/2017 22:59:48] INFO     | darthyoshiboy: test again
[04/07/2017 23:00:24] WARNING  | Mod added: darthyoshiboy
[04/07/2017 23:00:24] WARNING  | Mod added: blahdidah84
[04/07/2017 23:00:37] ERROR    | Lost connection, reconnecting
[04/07/2017 23:03:44] INFO     | Server initialized for eventlet.
[04/07/2017 23:03:44] WARNING  | Signed on as darthyoshibot
[04/07/2017 23:03:47] WARNING  | Reloading commands
[04/07/2017 23:03:47] WARNING  | Joined #darthyoshiboy
[04/07/2017 23:03:48] INFO     | darthyoshiboy: test again
[04/07/2017 23:03:52] INFO     | darthyoshiboy: test again
[04/07/2017 23:03:54] INFO     | darthyoshiboy: test again
[04/07/2017 23:04:03] INFO     | blahdidah84: CODING IS SILLY
[04/07/2017 23:04:04] INFO     | blahdidah84: kids should go to bed
[04/07/2017 23:04:05] INFO     | blahdidah84: CODING IS SILLY
[04/07/2017 23:04:55] WARNING  | Mod added: blahdidah84
[04/07/2017 23:04:55] WARNING  | Mod added: darthyoshibot
[04/07/2017 23:04:55] WARNING  | Mod added: darthyoshiboy
[04/07/2017 23:04:57] ERROR    | Lost connection, reconnecting
[04/07/2017 23:07:23] INFO     | Server initialized for eventlet.
[04/07/2017 23:07:24] WARNING  | Signed on as darthyoshibot
[04/07/2017 23:07:25] WARNING  | Reloading commands
[04/07/2017 23:07:25] WARNING  | Joined #darthyoshiboy
[04/07/2017 23:07:53] INFO     | darthyoshiboy: test again
[04/07/2017 23:08:17] WARNING  | Mod added: darthyoshiboy
[04/07/2017 23:08:17] WARNING  | Mod added: blahdidah84
[04/07/2017 23:08:23] WARNING  | All active users increased One (1) loyalty point.
[04/07/2017 23:08:29] INFO     | darthyoshiboy: test again
[04/07/2017 23:09:23] WARNING  | All active users increased One (1) loyalty point.
[04/07/2017 23:09:26] WARNING  | Mod added: darthyoshibot
[04/07/2017 23:09:49] INFO     | darthyoshiboy: test again
[04/07/2017 23:10:23] WARNING  | All active users increased One (1) loyalty point.
[04/07/2017 23:10:39] INFO     | darthyoshiboy: !active
[04/07/2017 23:10:39] ERROR    | Traceback (most recent call last):
  File "/mnt/e/Users/sheppler/Documents/projects/pixtochatbot/bot.py", line 251, in process_command
    cmd.run(self, user, msg)
  File "/mnt/e/Users/sheppler/Documents/projects/pixtochatbot/commands.py", line 142, in run
    active = len(bot.get_active_users())
  File "/mnt/e/Users/sheppler/Documents/projects/pixtochatbot/bot.py", line 290, in get_active_users
    conDB = lite.connect('users.db')
NameError: global name 'lite' is not defined

[04/07/2017 23:10:58] ERROR    | Lost connection, reconnecting
[04/07/2017 23:12:09] INFO     | Server initialized for eventlet.
[04/07/2017 23:12:09] WARNING  | Signed on as darthyoshibot
[04/07/2017 23:12:10] WARNING  | Reloading commands
[04/07/2017 23:12:10] WARNING  | Joined #darthyoshiboy
[04/07/2017 23:12:13] INFO     | darthyoshiboy: !active
[04/07/2017 23:12:13] INFO     | darthyoshibot: darthyoshiboy: There are 0 active users in chat
[04/07/2017 23:12:17] INFO     | darthyoshiboy: test again
[04/07/2017 23:12:18] INFO     | darthyoshiboy: test again
[04/07/2017 23:12:22] INFO     | darthyoshiboy: !active
[04/07/2017 23:12:22] ERROR    | Traceback (most recent call last):
  File "/mnt/e/Users/sheppler/Documents/projects/pixtochatbot/bot.py", line 253, in process_command
    cmd.run(self, user, msg)
  File "/mnt/e/Users/sheppler/Documents/projects/pixtochatbot/commands.py", line 142, in run
    active = len(bot.get_active_users())
  File "/mnt/e/Users/sheppler/Documents/projects/pixtochatbot/bot.py", line 305, in get_active_users
    cur.execute("INSERT OR REPLACE INTO UserPoints( username, active ) VALUES( ?, 1)", user )
ProgrammingError: Incorrect number of bindings supplied. The current statement uses 1, and there are 13 supplied.

[04/07/2017 23:12:46] ERROR    | Lost connection, reconnecting
[04/07/2017 23:13:30] INFO     | Server initialized for eventlet.
[04/07/2017 23:13:30] WARNING  | Signed on as darthyoshibot
[04/07/2017 23:13:31] WARNING  | Reloading commands
[04/07/2017 23:13:31] WARNING  | Joined #darthyoshiboy
[04/07/2017 23:13:37] INFO     | darthyoshiboy: test again
[04/07/2017 23:13:37] INFO     | darthyoshiboy: test again
[04/07/2017 23:13:38] INFO     | darthyoshiboy: test again
[04/07/2017 23:13:39] INFO     | darthyoshiboy: !active
[04/07/2017 23:13:39] ERROR    | Traceback (most recent call last):
  File "/mnt/e/Users/sheppler/Documents/projects/pixtochatbot/bot.py", line 253, in process_command
    cmd.run(self, user, msg)
  File "/mnt/e/Users/sheppler/Documents/projects/pixtochatbot/commands.py", line 142, in run
    active = len(bot.get_active_users())
  File "/mnt/e/Users/sheppler/Documents/projects/pixtochatbot/bot.py", line 305, in get_active_users
    cur.execute("INSERT OR REPLACE INTO UserPoints( username, active ) VALUES( ?, ?)", user, 1 )
TypeError: function takes at most 2 arguments (3 given)

[04/07/2017 23:13:50] ERROR    | Lost connection, reconnecting
[04/07/2017 23:14:15] INFO     | Server initialized for eventlet.
[04/07/2017 23:14:15] WARNING  | Signed on as darthyoshibot
[04/07/2017 23:14:15] WARNING  | Reloading commands
[04/07/2017 23:14:15] WARNING  | Joined #darthyoshiboy
[04/07/2017 23:14:17] INFO     | darthyoshiboy: test again
[04/07/2017 23:14:18] INFO     | darthyoshiboy: test again
[04/07/2017 23:14:19] INFO     | darthyoshiboy: test again
[04/07/2017 23:14:20] INFO     | darthyoshiboy: !active
[04/07/2017 23:14:20] INFO     | darthyoshibot: darthyoshiboy: There is 1 active user in chat
[04/07/2017 23:14:26] INFO     | darthyoshiboy: !active
[04/07/2017 23:14:26] INFO     | darthyoshibot: darthyoshiboy: There is 1 active user in chat
[04/07/2017 23:15:15] WARNING  | All active users increased One (1) loyalty point.
[04/07/2017 23:15:22] WARNING  | Mod added: blahdidah84
[04/07/2017 23:15:22] WARNING  | Mod added: darthyoshiboy
[04/07/2017 23:16:15] WARNING  | All active users increased One (1) loyalty point.
[04/07/2017 23:16:34] WARNING  | Mod added: darthyoshibot
[04/07/2017 23:16:39] INFO     | blahdidah84: BUTTS bggButts BUTTS bggButts BUTTS bggButts BUTTS bggButts BUTTS bggButts BUTTS bggButts BUTTS bggButts BUTTS bggButts
[04/07/2017 23:16:44] INFO     | blahdidah84: BUTTS bggButts BUTTS bggButts BUTTS bggButts BUTTS bggButts BUTTS bggButts BUTTS bggButts BUTTS bggButts BUTTS bggButts
[04/07/2017 23:16:48] INFO     | darthyoshiboy: !active
[04/07/2017 23:16:48] INFO     | darthyoshibot: darthyoshiboy: There are 2 active users in chat
[04/07/2017 23:17:15] WARNING  | All active users increased One (1) loyalty point.
[04/07/2017 23:17:41] INFO     | darthyoshiboy: !active
[04/07/2017 23:17:41] INFO     | darthyoshibot: darthyoshiboy: There are 2 active users in chat
[04/07/2017 23:17:42] INFO     | darthyoshiboy: !active
[04/07/2017 23:17:42] INFO     | darthyoshibot: darthyoshiboy: There are 2 active users in chat
[04/07/2017 23:17:43] INFO     | darthyoshiboy: !active
[04/07/2017 23:17:43] INFO     | darthyoshibot: darthyoshiboy: There are 2 active users in chat
[04/07/2017 23:18:15] WARNING  | All active users increased One (1) loyalty point.
[04/07/2017 23:18:36] ERROR    | Lost connection, reconnecting
[04/07/2017 23:18:40] INFO     | Server initialized for eventlet.
[04/07/2017 23:18:41] WARNING  | Signed on as darthyoshibot
[04/07/2017 23:18:46] WARNING  | Reloading commands
[04/07/2017 23:18:46] WARNING  | Joined #darthyoshiboy
[04/07/2017 23:19:36] WARNING  | Mod added: blahdidah84
[04/07/2017 23:19:36] WARNING  | Mod added: darthyoshibot
[04/07/2017 23:19:36] WARNING  | Mod added: darthyoshiboy
[04/07/2017 23:19:40] WARNING  | All active users increased One (1) loyalty point.
[04/07/2017 23:20:40] WARNING  | All active users increased One (1) loyalty point.
[04/07/2017 23:21:24] ERROR    | Lost connection, reconnecting
[04/07/2017 23:25:00] INFO     | Server initialized for eventlet.
[04/07/2017 23:25:00] WARNING  | Signed on as darthyoshibot
[04/07/2017 23:25:02] WARNING  | Reloading commands
[04/07/2017 23:25:02] WARNING  | Joined #darthyoshiboy
[04/07/2017 23:25:15] INFO     | darthyoshiboy: !active
[04/07/2017 23:25:15] INFO     | darthyoshibot: darthyoshiboy: There are 0 active users in chat
[04/07/2017 23:25:18] INFO     | darthyoshiboy: 1
[04/07/2017 23:25:20] INFO     | darthyoshiboy: !active
[04/07/2017 23:25:20] ERROR    | Traceback (most recent call last):
  File "/mnt/e/Users/sheppler/Documents/projects/pixtochatbot/bot.py", line 253, in process_command
    cmd.run(self, user, msg)
  File "/mnt/e/Users/sheppler/Documents/projects/pixtochatbot/commands.py", line 142, in run
    active = len(bot.get_active_users())
  File "/mnt/e/Users/sheppler/Documents/projects/pixtochatbot/bot.py", line 305, in get_active_users
    cur.execute("INSERT OR REPLACE INTO UserPoints( username, active, points ) VALUES( ?, ?, points)", (user, 1) )
OperationalError: no such column: points

[04/07/2017 23:25:43] ERROR    | Lost connection, reconnecting
[04/07/2017 23:27:07] INFO     | Server initialized for eventlet.
[04/07/2017 23:27:07] WARNING  | Signed on as darthyoshibot
[04/07/2017 23:27:09] WARNING  | Reloading commands
[04/07/2017 23:27:09] WARNING  | Joined #darthyoshiboy
[04/07/2017 23:27:11] INFO     | darthyoshiboy: 1
[04/07/2017 23:27:12] INFO     | darthyoshiboy: 1
[04/07/2017 23:27:13] INFO     | darthyoshiboy: !active
[04/07/2017 23:27:13] ERROR    | Traceback (most recent call last):
  File "/mnt/e/Users/sheppler/Documents/projects/pixtochatbot/bot.py", line 253, in process_command
    cmd.run(self, user, msg)
  File "/mnt/e/Users/sheppler/Documents/projects/pixtochatbot/commands.py", line 142, in run
    active = len(bot.get_active_users())
  File "/mnt/e/Users/sheppler/Documents/projects/pixtochatbot/bot.py", line 305, in get_active_users
    cur.execute("INSERT OR REPLACE INTO UserPoints( username, active ) VALUES( ?, ? )", (user, 1) )
IntegrityError: NOT NULL constraint failed: UserPoints.points

[04/07/2017 23:27:21] ERROR    | Lost connection, reconnecting
[04/07/2017 23:38:08] INFO     | Server initialized for eventlet.
[04/07/2017 23:38:09] WARNING  | Signed on as darthyoshibot
[04/07/2017 23:38:09] WARNING  | Reloading commands
[04/07/2017 23:38:09] WARNING  | Joined #darthyoshiboy
[04/07/2017 23:38:13] INFO     | darthyoshiboy: 1
[04/07/2017 23:38:13] INFO     | darthyoshiboy: 1
[04/07/2017 23:38:15] INFO     | darthyoshiboy: !active
[04/07/2017 23:38:15] ERROR    | Traceback (most recent call last):
  File "/mnt/e/Users/sheppler/Documents/projects/pixtochatbot/bot.py", line 253, in process_command
    cmd.run(self, user, msg)
  File "/mnt/e/Users/sheppler/Documents/projects/pixtochatbot/commands.py", line 142, in run
    active = len(bot.get_active_users())
  File "/mnt/e/Users/sheppler/Documents/projects/pixtochatbot/bot.py", line 307, in get_active_users
    cur.execute("UPDATE UserPoints SET active = 1 WHERE username = ?", (user))
ProgrammingError: Incorrect number of bindings supplied. The current statement uses 1, and there are 13 supplied.

[04/07/2017 23:38:54] WARNING  | Mod added: blahdidah84
[04/07/2017 23:38:54] WARNING  | Mod added: darthyoshiboy
[04/07/2017 23:39:08] WARNING  | All active users increased One (1) loyalty point.
[04/07/2017 23:39:48] ERROR    | Lost connection, reconnecting
[04/07/2017 23:39:51] INFO     | Server initialized for eventlet.
[04/07/2017 23:39:51] WARNING  | Signed on as darthyoshibot
[04/07/2017 23:39:56] WARNING  | Reloading commands
[04/07/2017 23:39:56] WARNING  | Joined #darthyoshiboy
[04/07/2017 23:39:58] INFO     | darthyoshiboy: 1
[04/07/2017 23:40:00] INFO     | darthyoshiboy: !active
[04/07/2017 23:40:00] ERROR    | Traceback (most recent call last):
  File "/mnt/e/Users/sheppler/Documents/projects/pixtochatbot/bot.py", line 253, in process_command
    cmd.run(self, user, msg)
  File "/mnt/e/Users/sheppler/Documents/projects/pixtochatbot/commands.py", line 142, in run
    active = len(bot.get_active_users())
  File "/mnt/e/Users/sheppler/Documents/projects/pixtochatbot/bot.py", line 305, in get_active_users
    cur.execute("INSERT OR FAIL INTO UserPoints(username,active,points) VALUES(?,?,?)", (active_users['user'], 1, 0))
TypeError: list indices must be integers, not str

[04/07/2017 23:40:51] WARNING  | All active users increased One (1) loyalty point.
[04/07/2017 23:40:52] WARNING  | Mod added: blahdidah84
[04/07/2017 23:40:52] WARNING  | Mod added: darthyoshiboy
[04/07/2017 23:40:52] WARNING  | Mod added: darthyoshibot
[04/07/2017 23:41:51] WARNING  | All active users increased One (1) loyalty point.
[04/07/2017 23:42:51] WARNING  | All active users increased One (1) loyalty point.
[04/07/2017 23:43:20] ERROR    | Lost connection, reconnecting
[04/07/2017 23:43:24] INFO     | Server initialized for eventlet.
[04/07/2017 23:43:24] WARNING  | Signed on as darthyoshibot
[04/07/2017 23:43:25] WARNING  | Reloading commands
[04/07/2017 23:43:25] WARNING  | Joined #darthyoshiboy
[04/07/2017 23:43:28] INFO     | darthyoshiboy: 1
[04/07/2017 23:43:30] INFO     | darthyoshiboy: !active
[04/07/2017 23:43:30] ERROR    | Traceback (most recent call last):
  File "/mnt/e/Users/sheppler/Documents/projects/pixtochatbot/bot.py", line 253, in process_command
    cmd.run(self, user, msg)
  File "/mnt/e/Users/sheppler/Documents/projects/pixtochatbot/commands.py", line 142, in run
    active = len(bot.get_active_users())
  File "/mnt/e/Users/sheppler/Documents/projects/pixtochatbot/bot.py", line 310, in get_active_users
    cur.execute("UPDATE UserPoints SET active = 1 WHERE username = ?", (user))
ProgrammingError: Incorrect number of bindings supplied. The current statement uses 1, and there are 13 supplied.

[04/07/2017 23:44:01] WARNING  | Mod added: blahdidah84
[04/07/2017 23:44:01] WARNING  | Mod added: darthyoshiboy
[04/07/2017 23:44:24] WARNING  | All active users increased One (1) loyalty point.
[04/07/2017 23:45:06] WARNING  | Mod added: darthyoshibot
[04/07/2017 23:45:24] WARNING  | All active users increased One (1) loyalty point.
[04/07/2017 23:45:30] ERROR    | Lost connection, reconnecting
[04/07/2017 23:45:33] INFO     | Server initialized for eventlet.
[04/07/2017 23:45:33] WARNING  | Signed on as darthyoshibot
[04/07/2017 23:45:36] WARNING  | Reloading commands
[04/07/2017 23:45:36] WARNING  | Joined #darthyoshiboy
[04/07/2017 23:45:38] INFO     | darthyoshiboy: 1
[04/07/2017 23:45:40] INFO     | darthyoshiboy: !active
[04/07/2017 23:45:40] ERROR    | Traceback (most recent call last):
  File "/mnt/e/Users/sheppler/Documents/projects/pixtochatbot/bot.py", line 253, in process_command
    cmd.run(self, user, msg)
  File "/mnt/e/Users/sheppler/Documents/projects/pixtochatbot/commands.py", line 142, in run
    active = len(bot.get_active_users())
  File "/mnt/e/Users/sheppler/Documents/projects/pixtochatbot/bot.py", line 305, in get_active_users
    cur.execute("INSERT OR FAIL INTO UserPoints(username,active,points) VALUES(?,?,?)", (user, 1, 0))
IntegrityError: UNIQUE constraint failed: UserPoints.username

[04/07/2017 23:45:52] INFO     | darthyoshiboy: 1
[04/07/2017 23:46:23] WARNING  | Mod added: darthyoshibot
[04/07/2017 23:46:23] WARNING  | Mod added: blahdidah84
[04/07/2017 23:46:23] WARNING  | Mod added: darthyoshiboy
[04/07/2017 23:46:27] ERROR    | Lost connection, reconnecting
[04/07/2017 23:46:53] INFO     | Server initialized for eventlet.
[04/07/2017 23:46:53] WARNING  | Signed on as darthyoshibot
[04/07/2017 23:46:56] WARNING  | Reloading commands
[04/07/2017 23:46:57] WARNING  | Joined #darthyoshiboy
[04/07/2017 23:46:58] INFO     | darthyoshiboy: test
[04/07/2017 23:47:01] INFO     | darthyoshiboy: !active
[04/07/2017 23:47:01] WARNING  | darthyoshiboy
[04/07/2017 23:47:01] ERROR    | Traceback (most recent call last):
  File "/mnt/e/Users/sheppler/Documents/projects/pixtochatbot/bot.py", line 253, in process_command
    cmd.run(self, user, msg)
  File "/mnt/e/Users/sheppler/Documents/projects/pixtochatbot/commands.py", line 142, in run
    active = len(bot.get_active_users())
  File "/mnt/e/Users/sheppler/Documents/projects/pixtochatbot/bot.py", line 311, in get_active_users
    cur.execute("UPDATE UserPoints SET active = 1 WHERE username = ?", (user))
ProgrammingError: Incorrect number of bindings supplied. The current statement uses 1, and there are 13 supplied.

[04/07/2017 23:47:31] ERROR    | Lost connection, reconnecting
[04/07/2017 23:47:34] INFO     | Server initialized for eventlet.
[04/07/2017 23:47:34] WARNING  | Signed on as darthyoshibot
[04/07/2017 23:47:35] WARNING  | Reloading commands
[04/07/2017 23:47:36] WARNING  | Joined #darthyoshiboy
[04/07/2017 23:47:38] INFO     | darthyoshiboy: test
[04/07/2017 23:47:41] INFO     | darthyoshiboy: !active
[04/07/2017 23:47:41] WARNING  | darthyoshiboy
[04/07/2017 23:47:41] ERROR    | Traceback (most recent call last):
  File "/mnt/e/Users/sheppler/Documents/projects/pixtochatbot/bot.py", line 253, in process_command
    cmd.run(self, user, msg)
  File "/mnt/e/Users/sheppler/Documents/projects/pixtochatbot/commands.py", line 142, in run
    active = len(bot.get_active_users())
  File "/mnt/e/Users/sheppler/Documents/projects/pixtochatbot/bot.py", line 311, in get_active_users
    cur.execute("UPDATE UserPoints SET active = 1 WHERE username = ?", user)
ProgrammingError: Incorrect number of bindings supplied. The current statement uses 1, and there are 13 supplied.

[04/07/2017 23:48:11] WARNING  | Mod added: darthyoshiboy
[04/07/2017 23:48:11] WARNING  | Mod added: darthyoshibot
[04/07/2017 23:48:11] WARNING  | Mod added: blahdidah84
[04/07/2017 23:48:19] ERROR    | Lost connection, reconnecting
[04/07/2017 23:48:22] INFO     | Server initialized for eventlet.
[04/07/2017 23:48:22] WARNING  | Signed on as darthyoshibot
[04/07/2017 23:48:24] WARNING  | Reloading commands
[04/07/2017 23:48:24] WARNING  | Joined #darthyoshiboy
[04/07/2017 23:48:28] INFO     | darthyoshiboy: test
[04/07/2017 23:48:30] INFO     | darthyoshiboy: !active
[04/07/2017 23:48:30] WARNING  | darthyoshiboy
[04/07/2017 23:48:31] ERROR    | Traceback (most recent call last):
  File "/mnt/e/Users/sheppler/Documents/projects/pixtochatbot/bot.py", line 253, in process_command
    cmd.run(self, user, msg)
  File "/mnt/e/Users/sheppler/Documents/projects/pixtochatbot/commands.py", line 142, in run
    active = len(bot.get_active_users())
  File "/mnt/e/Users/sheppler/Documents/projects/pixtochatbot/bot.py", line 311, in get_active_users
    cur.execute("UPDATE UserPoints SET active = 1 WHERE username = ?", str(user))
ProgrammingError: Incorrect number of bindings supplied. The current statement uses 1, and there are 13 supplied.

[04/07/2017 23:48:47] WARNING  | Mod added: darthyoshiboy
[04/07/2017 23:48:47] WARNING  | Mod added: darthyoshibot
[04/07/2017 23:48:47] WARNING  | Mod added: blahdidah84
[04/07/2017 23:48:52] ERROR    | Lost connection, reconnecting
[04/07/2017 23:55:57] INFO     | Server initialized for eventlet.
[04/07/2017 23:55:57] WARNING  | Signed on as darthyoshibot
[04/07/2017 23:55:58] WARNING  | Reloading commands
[04/07/2017 23:55:58] WARNING  | Joined #darthyoshiboy
[04/07/2017 23:56:03] INFO     | darthyoshiboy: test
[04/07/2017 23:56:04] INFO     | darthyoshiboy: test
[04/07/2017 23:56:06] INFO     | darthyoshiboy: !active
[04/07/2017 23:56:06] WARNING  | darthyoshiboy
[04/07/2017 23:56:06] ERROR    | Traceback (most recent call last):
  File "/mnt/e/Users/sheppler/Documents/projects/pixtochatbot/bot.py", line 253, in process_command
    cmd.run(self, user, msg)
  File "/mnt/e/Users/sheppler/Documents/projects/pixtochatbot/commands.py", line 142, in run
    active = len(bot.get_active_users())
  File "/mnt/e/Users/sheppler/Documents/projects/pixtochatbot/bot.py", line 311, in get_active_users
    cur.execute("UPDATE UserPoints SET active = 1 WHERE username = ?;", (str(user)))
ProgrammingError: Incorrect number of bindings supplied. The current statement uses 1, and there are 13 supplied.

[04/07/2017 23:56:57] WARNING  | All active users increased One (1) loyalty point.
[04/07/2017 23:57:24] WARNING  | Mod added: darthyoshiboy
[04/07/2017 23:57:24] WARNING  | Mod added: blahdidah84
[04/07/2017 23:57:57] WARNING  | All active users increased One (1) loyalty point.
[04/07/2017 23:58:31] INFO     | blahdidah84: BUTTS bggButts BUTTS bggButts BUTTS bggButts BUTTS bggButts BUTTS bggButts BUTTS bggButts BUTTS bggButts BUTTS bggButts
[04/07/2017 23:58:33] WARNING  | Mod added: darthyoshibot
[04/07/2017 23:58:57] WARNING  | All active users increased One (1) loyalty point.
[04/07/2017 23:59:30] ERROR    | Lost connection, reconnecting
[04/07/2017 23:59:34] INFO     | Server initialized for eventlet.
[04/07/2017 23:59:34] WARNING  | Signed on as darthyoshibot
[04/07/2017 23:59:35] WARNING  | Reloading commands
[04/07/2017 23:59:35] WARNING  | Joined #darthyoshiboy
[04/07/2017 23:59:39] INFO     | darthyoshiboy: test
[04/07/2017 23:59:41] INFO     | darthyoshiboy: test
[04/07/2017 23:59:42] INFO     | darthyoshiboy: !active
[04/07/2017 23:59:42] WARNING  | darthyoshiboy
[04/07/2017 23:59:42] INFO     | darthyoshibot: darthyoshiboy: There is 1 active user in chat
[04/07/2017 23:59:49] INFO     | darthyoshiboy: test
[04/07/2017 23:59:50] INFO     | darthyoshiboy: test
[04/07/2017 23:59:53] INFO     | darthyoshiboy: !active
[04/07/2017 23:59:53] WARNING  | darthyoshiboy
[04/07/2017 23:59:53] INFO     | darthyoshibot: darthyoshiboy: There is 1 active user in chat
[04/08/2017 00:00:34] WARNING  | All active users increased One (1) loyalty point.
[04/08/2017 00:00:36] WARNING  | Mod added: blahdidah84
[04/08/2017 00:00:36] WARNING  | Mod added: darthyoshiboy
[04/08/2017 00:00:59] INFO     | blahdidah84: BUTTS bggButts BUTTS bggButts BUTTS bggButts BUTTS bggButts BUTTS bggButts BUTTS bggButts BUTTS bggButts BUTTS bggButts
[04/08/2017 00:01:18] INFO     | darthyoshiboy: !active
[04/08/2017 00:01:18] WARNING  | darthyoshiboy
[04/08/2017 00:01:18] WARNING  | blahdidah84
[04/08/2017 00:01:19] INFO     | darthyoshibot: darthyoshiboy: There are 2 active users in chat
[04/08/2017 00:01:34] WARNING  | All active users increased One (1) loyalty point.
[04/08/2017 00:01:40] WARNING  | Mod added: darthyoshibot
[04/08/2017 00:02:34] WARNING  | All active users increased One (1) loyalty point.
[04/08/2017 00:03:34] WARNING  | All active users increased One (1) loyalty point.
[04/08/2017 00:04:34] WARNING  | All active users increased One (1) loyalty point.
[04/08/2017 00:05:34] WARNING  | All active users increased One (1) loyalty point.
[04/08/2017 00:06:34] WARNING  | All active users increased One (1) loyalty point.
[04/08/2017 00:07:34] WARNING  | All active users increased One (1) loyalty point.
[04/08/2017 00:08:34] WARNING  | All active users increased One (1) loyalty point.
[04/08/2017 00:09:34] WARNING  | All active users increased One (1) loyalty point.
[04/08/2017 00:10:34] WARNING  | All active users increased One (1) loyalty point.
[04/08/2017 00:11:03] INFO     | blahdidah84: BUTTS bggButts BUTTS bggButts BUTTS bggButts BUTTS bggButts BUTTS bggButts BUTTS bggButts BUTTS bggButts BUTTS bggButts
[04/08/2017 00:11:05] INFO     | blahdidah84: BUTTS bggButts BUTTS bggButts BUTTS bggButts BUTTS bggButts BUTTS bggButts BUTTS bggButts BUTTS bggButts BUTTS bggButts
[04/08/2017 00:11:35] WARNING  | All active users increased One (1) loyalty point.
[04/08/2017 00:12:35] WARNING  | All active users increased One (1) loyalty point.
[04/08/2017 00:13:03] INFO     | blahdidah84: !active
[04/08/2017 00:13:03] WARNING  | blahdidah84
[04/08/2017 00:13:03] INFO     | darthyoshibot: blahdidah84: There is 1 active user in chat
[04/08/2017 00:13:35] WARNING  | All active users increased One (1) loyalty point.
[04/08/2017 00:13:41] INFO     | darthyoshiboy: !active
[04/08/2017 00:13:41] WARNING  | blahdidah84
[04/08/2017 00:13:41] INFO     | darthyoshibot: darthyoshiboy: There is 1 active user in chat
[04/08/2017 00:13:52] INFO     | blahdidah84: BUTTS bggButts BUTTS bggButts BUTTS bggButts BUTTS bggButts BUTTS bggButts BUTTS bggButts BUTTS bggButts BUTTS bggButts
[04/08/2017 00:13:54] INFO     | blahdidah84: !active
[04/08/2017 00:13:54] WARNING  | darthyoshiboy
[04/08/2017 00:13:54] WARNING  | blahdidah84
[04/08/2017 00:13:54] INFO     | darthyoshibot: blahdidah84: There are 2 active users in chat
[04/08/2017 00:14:35] WARNING  | All active users increased One (1) loyalty point.
[04/08/2017 00:15:35] WARNING  | All active users increased One (1) loyalty point.
[04/08/2017 00:16:35] WARNING  | All active users increased One (1) loyalty point.
[04/08/2017 00:17:35] WARNING  | All active users increased One (1) loyalty point.
[04/08/2017 00:18:35] WARNING  | All active users increased One (1) loyalty point.
[04/08/2017 00:19:02] INFO     | blahdidah84: BUTTS bggButts BUTTS bggButts BUTTS bggButts BUTTS bggButts BUTTS bggButts BUTTS bggButts BUTTS bggButts BUTTS bggButts
[04/08/2017 00:19:35] WARNING  | All active users increased One (1) loyalty point.
[04/08/2017 00:20:35] WARNING  | All active users increased One (1) loyalty point.
[04/08/2017 00:20:41] ERROR    | Lost connection, reconnecting
[04/08/2017 00:20:45] INFO     | Server initialized for eventlet.
[04/08/2017 00:20:46] ERROR    | Lost connection, reconnecting
[04/08/2017 00:20:46] ERROR    | Lost connection, reconnecting
[04/08/2017 00:20:46] ERROR    | Lost connection, reconnecting
[04/08/2017 00:20:46] ERROR    | Lost connection, reconnecting
[04/08/2017 00:20:47] ERROR    | Lost connection, reconnecting
[04/08/2017 00:20:47] ERROR    | Lost connection, reconnecting
[04/08/2017 00:20:47] ERROR    | Lost connection, reconnecting
[04/08/2017 00:20:47] ERROR    | Lost connection, reconnecting
[04/08/2017 00:20:48] ERROR    | Lost connection, reconnecting
[04/08/2017 00:20:48] ERROR    | Lost connection, reconnecting
[04/08/2017 00:20:48] ERROR    | Lost connection, reconnecting
[04/08/2017 00:20:48] ERROR    | Lost connection, reconnecting
[04/08/2017 00:20:49] ERROR    | Lost connection, reconnecting
[04/08/2017 00:21:29] INFO     | Server initialized for eventlet.
[04/08/2017 00:21:29] ERROR    | Lost connection, reconnecting
[04/08/2017 00:21:29] ERROR    | Lost connection, reconnecting
[04/08/2017 00:21:30] ERROR    | Lost connection, reconnecting
[04/08/2017 00:21:30] ERROR    | Lost connection, reconnecting
[04/08/2017 00:21:30] ERROR    | Lost connection, reconnecting
[04/08/2017 00:21:30] ERROR    | Lost connection, reconnecting
[04/08/2017 00:21:30] ERROR    | Lost connection, reconnecting
[04/08/2017 00:21:31] ERROR    | Lost connection, reconnecting
[04/08/2017 00:21:31] ERROR    | Lost connection, reconnecting
[04/08/2017 00:21:31] ERROR    | Lost connection, reconnecting
[04/08/2017 00:21:52] INFO     | Server initialized for eventlet.
[04/08/2017 00:21:52] ERROR    | Lost connection, reconnecting
[04/08/2017 00:21:52] ERROR    | Lost connection, reconnecting
[04/08/2017 00:21:52] ERROR    | Lost connection, reconnecting
[04/08/2017 00:21:52] ERROR    | Lost connection, reconnecting
[04/08/2017 00:21:52] ERROR    | Lost connection, reconnecting
[04/08/2017 00:21:53] ERROR    | Lost connection, reconnecting
[04/08/2017 00:21:53] ERROR    | Lost connection, reconnecting
[04/08/2017 00:21:53] ERROR    | Lost connection, reconnecting
[04/08/2017 00:21:53] ERROR    | Lost connection, reconnecting
[04/08/2017 00:21:53] ERROR    | Lost connection, reconnecting
[04/08/2017 00:21:53] ERROR    | Lost connection, reconnecting
[04/08/2017 00:21:54] ERROR    | Lost connection, reconnecting
[04/08/2017 00:21:54] ERROR    | Lost connection, reconnecting
[04/08/2017 00:21:54] ERROR    | Lost connection, reconnecting
[04/08/2017 00:21:54] ERROR    | Lost connection, reconnecting
[04/08/2017 00:21:54] ERROR    | Lost connection, reconnecting
[04/08/2017 00:21:54] ERROR    | Lost connection, reconnecting
[04/08/2017 00:21:55] ERROR    | Lost connection, reconnecting
[04/08/2017 00:21:55] ERROR    | Lost connection, reconnecting
[04/08/2017 00:21:55] ERROR    | Lost connection, reconnecting
[04/08/2017 00:21:55] ERROR    | Lost connection, reconnecting
[04/08/2017 00:21:55] ERROR    | Lost connection, reconnecting
[04/08/2017 00:21:55] ERROR    | Lost connection, reconnecting
[04/08/2017 00:21:56] ERROR    | Lost connection, reconnecting
[04/08/2017 00:21:56] ERROR    | Lost connection, reconnecting
[04/08/2017 00:21:56] ERROR    | Lost connection, reconnecting
[04/08/2017 00:21:56] ERROR    | Lost connection, reconnecting
[04/08/2017 00:30:38] INFO     | Server initialized for eventlet.
[04/08/2017 00:30:38] ERROR    | Lost connection, reconnecting
[04/08/2017 00:30:38] ERROR    | Lost connection, reconnecting
[04/08/2017 00:30:39] ERROR    | Lost connection, reconnecting
[04/08/2017 00:30:39] ERROR    | Lost connection, reconnecting
[04/08/2017 00:30:39] ERROR    | Lost connection, reconnecting
[04/08/2017 00:30:39] ERROR    | Lost connection, reconnecting
[04/08/2017 00:30:40] ERROR    | Lost connection, reconnecting
[04/08/2017 00:30:40] ERROR    | Lost connection, reconnecting
[04/08/2017 00:30:40] ERROR    | Lost connection, reconnecting
[04/08/2017 00:30:40] ERROR    | Lost connection, reconnecting
[04/08/2017 00:30:41] ERROR    | Lost connection, reconnecting
[04/08/2017 00:30:41] ERROR    | Lost connection, reconnecting
[04/08/2017 00:30:41] ERROR    | Lost connection, reconnecting
[04/08/2017 00:30:41] ERROR    | Lost connection, reconnecting
[04/08/2017 00:31:22] INFO     | Server initialized for eventlet.
[04/08/2017 00:31:22] WARNING  | Signed on as darthyoshibot
[04/08/2017 00:31:24] WARNING  | Reloading commands
[04/08/2017 00:31:25] WARNING  | Joined #darthyoshiboy
[04/08/2017 00:31:28] INFO     | darthyoshiboy: test
[04/08/2017 00:31:43] WARNING  | darthyoshiboy
[04/08/2017 00:31:43] INFO     | darthyoshiboy: test
[04/08/2017 00:31:44] WARNING  | darthyoshiboy
[04/08/2017 00:31:44] INFO     | darthyoshiboy: test
[04/08/2017 00:31:47] WARNING  | darthyoshiboy
[04/08/2017 00:31:47] INFO     | blahdidah84: BUTTS bggButts BUTTS bggButts BUTTS bggButts BUTTS bggButts BUTTS bggButts BUTTS bggButts BUTTS bggButts BUTTS bggButts
[04/08/2017 00:32:00] WARNING  | darthyoshiboy
[04/08/2017 00:32:00] WARNING  | blahdidah84
[04/08/2017 00:32:00] INFO     | darthyoshiboy: test
[04/08/2017 00:32:05] WARNING  | darthyoshiboy
[04/08/2017 00:32:05] WARNING  | blahdidah84
[04/08/2017 00:32:06] WARNING  | darthyoshiboy
[04/08/2017 00:32:06] WARNING  | blahdidah84
[04/08/2017 00:32:06] WARNING  | darthyoshiboy
[04/08/2017 00:32:06] WARNING  | blahdidah84
[04/08/2017 00:32:06] WARNING  | Mod added: blahdidah84
[04/08/2017 00:32:06] WARNING  | darthyoshiboy
[04/08/2017 00:32:06] WARNING  | blahdidah84
[04/08/2017 00:32:06] WARNING  | Mod added: darthyoshiboy
[04/08/2017 00:32:22] WARNING  | All active users increased One (1) loyalty point.
[04/08/2017 00:32:53] ERROR    | Lost connection, reconnecting
[04/08/2017 00:32:56] INFO     | Server initialized for eventlet.
[04/08/2017 00:32:57] WARNING  | Signed on as darthyoshibot
[04/08/2017 00:32:59] WARNING  | Reloading commands
[04/08/2017 00:32:59] WARNING  | Joined #darthyoshiboy
[04/08/2017 00:33:07] INFO     | darthyoshiboy: test
[04/08/2017 00:33:15] WARNING  | darthyoshiboy
[04/08/2017 00:33:15] INFO     | darthyoshiboy: test
[04/08/2017 00:33:40] WARNING  | darthyoshiboy
[04/08/2017 00:33:40] WARNING  | darthyoshiboy
[04/08/2017 00:33:40] WARNING  | darthyoshiboy
[04/08/2017 00:33:40] WARNING  | Mod added: darthyoshiboy
[04/08/2017 00:33:40] WARNING  | darthyoshiboy
[04/08/2017 00:33:40] WARNING  | Mod added: darthyoshibot
[04/08/2017 00:33:41] WARNING  | darthyoshiboy
[04/08/2017 00:33:41] WARNING  | Mod added: blahdidah84
[04/08/2017 00:33:56] WARNING  | All active users increased One (1) loyalty point.
[04/08/2017 00:34:56] WARNING  | All active users increased One (1) loyalty point.
[04/08/2017 00:34:59] WARNING  | darthyoshiboy
[04/08/2017 00:35:57] WARNING  | All active users increased One (1) loyalty point.
[04/08/2017 00:36:07] WARNING  | darthyoshiboy
[04/08/2017 00:36:07] INFO     | blahdidah84: BUTTS bggButts BUTTS bggButts BUTTS bggButts BUTTS bggButts BUTTS bggButts BUTTS bggButts BUTTS bggButts BUTTS bggButts
[04/08/2017 00:36:57] WARNING  | All active users increased One (1) loyalty point.
[04/08/2017 00:36:59] WARNING  | darthyoshiboy
[04/08/2017 00:36:59] WARNING  | blahdidah84
[04/08/2017 00:37:46] WARNING  | darthyoshiboy
[04/08/2017 00:37:46] WARNING  | blahdidah84
[04/08/2017 00:37:57] WARNING  | All active users increased One (1) loyalty point.
[04/08/2017 00:38:57] WARNING  | All active users increased One (1) loyalty point.
[04/08/2017 00:38:59] WARNING  | darthyoshiboy
[04/08/2017 00:38:59] WARNING  | blahdidah84
[04/08/2017 00:39:57] WARNING  | All active users increased One (1) loyalty point.
[04/08/2017 00:40:57] WARNING  | All active users increased One (1) loyalty point.
[04/08/2017 00:40:59] WARNING  | darthyoshiboy
[04/08/2017 00:40:59] WARNING  | blahdidah84
[04/08/2017 00:41:57] WARNING  | All active users increased One (1) loyalty point.
[04/08/2017 00:42:16] WARNING  | darthyoshiboy
[04/08/2017 00:42:16] WARNING  | blahdidah84
[04/08/2017 00:42:57] WARNING  | All active users increased One (1) loyalty point.
[04/08/2017 00:42:59] WARNING  | darthyoshiboy
[04/08/2017 00:42:59] WARNING  | blahdidah84
[04/08/2017 00:43:57] WARNING  | All active users increased One (1) loyalty point.
[04/08/2017 00:44:57] WARNING  | All active users increased One (1) loyalty point.
[04/08/2017 00:44:59] WARNING  | blahdidah84
[04/08/2017 00:45:57] WARNING  | All active users increased One (1) loyalty point.
[04/08/2017 00:46:57] WARNING  | All active users increased One (1) loyalty point.
[04/08/2017 00:47:57] WARNING  | All active users increased One (1) loyalty point.
[04/08/2017 00:48:57] WARNING  | All active users increased One (1) loyalty point.
[04/08/2017 00:49:57] WARNING  | All active users increased One (1) loyalty point.
[04/08/2017 00:50:57] WARNING  | All active users increased One (1) loyalty point.
[04/08/2017 00:51:57] WARNING  | All active users increased One (1) loyalty point.
[04/08/2017 00:52:57] WARNING  | All active users increased One (1) loyalty point.
[04/08/2017 00:53:08] INFO     | darthyoshiboy: test
[04/08/2017 00:53:57] WARNING  | All active users increased One (1) loyalty point.
[04/08/2017 00:54:06] WARNING  | darthyoshiboy
[04/08/2017 00:54:06] INFO     | darthyoshiboy: test
[04/08/2017 00:54:17] ERROR    | Lost connection, reconnecting
[04/08/2017 01:06:08] INFO     | Server initialized for eventlet.
[04/08/2017 01:06:08] WARNING  | Signed on as darthyoshibot
[04/08/2017 01:06:09] WARNING  | Reloading commands
[04/08/2017 01:06:09] WARNING  | Joined #darthyoshiboy
[04/08/2017 01:06:42] INFO     | blahdidah84: thing
[04/08/2017 01:07:05] INFO     | darthyoshiboy: test
[04/08/2017 01:07:08] WARNING  | All active users increased One (1) loyalty point.
[04/08/2017 01:07:11] WARNING  | Mod added: darthyoshiboy
[04/08/2017 01:07:11] WARNING  | Mod added: blahdidah84
[04/08/2017 01:07:24] ERROR    | Lost connection, reconnecting
[04/08/2017 01:16:21] INFO     | Server initialized for eventlet.
[04/08/2017 01:16:21] WARNING  | Signed on as darthyoshibot
[04/08/2017 01:16:23] WARNING  | Reloading commands
[04/08/2017 01:16:23] WARNING  | Joined #darthyoshiboy
[04/08/2017 01:16:30] ERROR    | Lost connection, reconnecting
[04/08/2017 01:16:55] INFO     | Server initialized for eventlet.
[04/08/2017 01:16:56] WARNING  | Signed on as darthyoshibot
[04/08/2017 01:16:58] WARNING  | Reloading commands
[04/08/2017 01:16:58] WARNING  | Joined #darthyoshiboy
[04/08/2017 01:17:55] WARNING  | All active users increased One (1) loyalty point.
[04/08/2017 01:18:08] INFO     | darthyoshiboy: test
[04/08/2017 01:18:09] WARNING  | Mod added: blahdidah84
[04/08/2017 01:18:09] WARNING  | Mod added: darthyoshiboy
[04/08/2017 01:18:55] WARNING  | All active users increased One (1) loyalty point.
[04/08/2017 01:19:15] WARNING  | Mod added: darthyoshibot
[04/08/2017 01:19:55] WARNING  | All active users increased One (1) loyalty point.
[04/08/2017 01:20:55] WARNING  | All active users increased One (1) loyalty point.
[04/08/2017 01:21:55] WARNING  | All active users increased One (1) loyalty point.
[04/08/2017 01:22:56] WARNING  | All active users increased One (1) loyalty point.
[04/08/2017 01:23:56] WARNING  | All active users increased One (1) loyalty point.
[04/08/2017 01:23:59] INFO     | darthyoshiboy: !active
[04/08/2017 01:24:00] WARNING  | darthyoshiboy
[04/08/2017 01:24:00] INFO     | darthyoshibot: darthyoshiboy: There is 1 active user in chat
[04/08/2017 01:24:26] INFO     | blahdidah84: !active
[04/08/2017 01:24:27] WARNING  | darthyoshiboy
[04/08/2017 01:24:27] INFO     | darthyoshibot: blahdidah84: There is 1 active user in chat
[04/08/2017 01:24:29] INFO     | blahdidah84: thing
[04/08/2017 01:24:42] ERROR    | Lost connection, reconnecting
[04/08/2017 01:24:52] INFO     | Server initialized for eventlet.
[04/08/2017 01:24:52] WARNING  | Signed on as darthyoshibot
[04/08/2017 01:24:54] WARNING  | Reloading commands
[04/08/2017 01:24:55] WARNING  | Joined #darthyoshiboy
[04/08/2017 01:25:45] WARNING  | Mod added: blahdidah84
[04/08/2017 01:25:45] WARNING  | Mod added: darthyoshiboy
[04/08/2017 01:25:45] WARNING  | Mod added: darthyoshibot
[04/08/2017 01:25:52] WARNING  | All active users increased One (1) loyalty point.
[04/08/2017 01:26:52] ERROR    | Lost connection, reconnecting
[04/08/2017 01:26:52] WARNING  | All active users increased One (1) loyalty point.
[04/08/2017 01:27:00] INFO     | Server initialized for eventlet.
[04/08/2017 01:27:00] WARNING  | Signed on as darthyoshibot
[04/08/2017 01:27:03] WARNING  | Reloading commands
[04/08/2017 01:27:03] WARNING  | Joined #darthyoshiboy
[04/08/2017 01:27:31] INFO     | blahdidah84: thing
[04/08/2017 01:28:00] WARNING  | All active users increased One (1) loyalty point.
[04/08/2017 01:28:03] WARNING  | Mod added: blahdidah84
[04/08/2017 01:28:03] WARNING  | Mod added: darthyoshiboy
[04/08/2017 01:28:03] WARNING  | Mod added: darthyoshibot
[04/08/2017 01:29:00] WARNING  | All active users increased One (1) loyalty point.
[04/08/2017 01:30:01] WARNING  | All active users increased One (1) loyalty point.
[04/08/2017 01:30:53] ERROR    | Lost connection, reconnecting
[04/08/2017 01:30:58] INFO     | Server initialized for eventlet.
[04/08/2017 01:30:58] WARNING  | Signed on as darthyoshibot
[04/08/2017 01:30:59] WARNING  | Reloading commands
[04/08/2017 01:31:00] WARNING  | Joined #darthyoshiboy
[04/08/2017 01:31:18] INFO     | darthyoshiboy: test
[04/08/2017 01:31:41] WARNING  | Mod added: darthyoshiboy
[04/08/2017 01:31:41] WARNING  | Mod added: blahdidah84
[04/08/2017 01:31:58] WARNING  | All active users increased One (1) loyalty point.
[04/08/2017 01:32:48] WARNING  | Mod added: darthyoshibot
[04/08/2017 01:32:58] WARNING  | All active users increased One (1) loyalty point.
[04/08/2017 01:33:58] WARNING  | All active users increased One (1) loyalty point.
[04/08/2017 01:34:54] ERROR    | Lost connection, reconnecting
[04/08/2017 01:34:58] INFO     | Server initialized for eventlet.
[04/08/2017 01:34:59] WARNING  | Signed on as darthyoshibot
[04/08/2017 01:35:01] WARNING  | Reloading commands
[04/08/2017 01:35:01] WARNING  | Joined #darthyoshiboy
[04/08/2017 01:35:14] INFO     | darthyoshiboy: test
[04/08/2017 01:35:52] WARNING  | Mod added: blahdidah84
[04/08/2017 01:35:52] WARNING  | Mod added: darthyoshiboy
[04/08/2017 01:35:58] WARNING  | All active users increased One (1) loyalty point.
[04/08/2017 01:36:58] WARNING  | All active users increased One (1) loyalty point.
[04/08/2017 01:37:01] WARNING  | Mod added: darthyoshibot
[04/08/2017 01:37:58] WARNING  | All active users increased One (1) loyalty point.
[04/08/2017 01:38:58] WARNING  | All active users increased One (1) loyalty point.
[04/08/2017 01:39:58] WARNING  | All active users increased One (1) loyalty point.
[04/08/2017 01:40:58] WARNING  | All active users increased One (1) loyalty point.
[04/08/2017 01:41:58] WARNING  | All active users increased One (1) loyalty point.
[04/08/2017 01:42:58] WARNING  | All active users increased One (1) loyalty point.
[04/08/2017 01:43:58] WARNING  | All active users increased One (1) loyalty point.
[04/08/2017 01:44:58] WARNING  | All active users increased One (1) loyalty point.
[04/08/2017 01:45:58] WARNING  | All active users increased One (1) loyalty point.
[04/08/2017 01:46:58] WARNING  | All active users increased One (1) loyalty point.
[04/08/2017 01:47:58] WARNING  | All active users increased One (1) loyalty point.
[04/08/2017 01:48:58] WARNING  | All active users increased One (1) loyalty point.
[04/08/2017 01:49:58] WARNING  | All active users increased One (1) loyalty point.
[04/08/2017 01:50:58] WARNING  | All active users increased One (1) loyalty point.
[04/08/2017 01:51:58] WARNING  | All active users increased One (1) loyalty point.
[04/08/2017 01:52:11] ERROR    | Lost connection, reconnecting
[04/08/2017 01:52:15] INFO     | Server initialized for eventlet.
[04/08/2017 01:52:15] WARNING  | Signed on as darthyoshibot
[04/08/2017 01:52:16] WARNING  | Reloading commands
[04/08/2017 01:52:16] WARNING  | Joined #darthyoshiboy
[04/08/2017 01:52:42] ERROR    | Lost connection, reconnecting
[04/08/2017 01:52:46] INFO     | Server initialized for eventlet.
[04/08/2017 01:52:46] WARNING  | Signed on as darthyoshibot
[04/08/2017 01:52:48] WARNING  | Reloading commands
[04/08/2017 01:52:49] WARNING  | Joined #darthyoshiboy
[04/08/2017 01:53:31] WARNING  | Mod added: darthyoshiboy
[04/08/2017 01:53:31] WARNING  | Mod added: darthyoshibot
[04/08/2017 01:53:31] WARNING  | Mod added: blahdidah84
[04/08/2017 01:53:46] WARNING  | All active users increased One (1) loyalty point.
[04/08/2017 01:54:35] WARNING  | Mod removed: darthyoshibot
[04/08/2017 01:54:46] WARNING  | All active users increased One (1) loyalty point.
[04/08/2017 01:55:33] WARNING  | Mod added: darthyoshibot
[04/08/2017 01:55:46] WARNING  | All active users increased One (1) loyalty point.
[04/08/2017 01:56:46] WARNING  | All active users increased One (1) loyalty point.
[04/08/2017 01:57:46] WARNING  | All active users increased One (1) loyalty point.
[04/08/2017 01:58:46] WARNING  | All active users increased One (1) loyalty point.
[04/08/2017 01:59:46] WARNING  | All active users increased One (1) loyalty point.
[04/08/2017 02:00:46] WARNING  | All active users increased One (1) loyalty point.
[04/08/2017 02:01:46] WARNING  | All active users increased One (1) loyalty point.
[04/08/2017 02:02:46] WARNING  | All active users increased One (1) loyalty point.
[04/08/2017 02:03:46] WARNING  | All active users increased One (1) loyalty point.
[04/08/2017 02:04:46] WARNING  | All active users increased One (1) loyalty point.
[04/08/2017 02:05:46] WARNING  | All active users increased One (1) loyalty point.
[04/08/2017 02:06:46] WARNING  | All active users increased One (1) loyalty point.
[04/08/2017 02:07:46] WARNING  | All active users increased One (1) loyalty point.
[04/08/2017 02:07:56] ERROR    | Lost connection, reconnecting
[04/08/2017 02:08:03] INFO     | Server initialized for eventlet.
[04/08/2017 02:08:04] WARNING  | Signed on as darthyoshibot
[04/08/2017 02:08:07] WARNING  | Reloading commands
[04/08/2017 02:08:07] WARNING  | Joined #darthyoshiboy
[04/08/2017 02:09:05] WARNING  | All active users increased One (1) loyalty point.
[04/08/2017 02:09:46] WARNING  | Mod added: darthyoshibot
[04/08/2017 02:09:46] WARNING  | Mod added: blahdidah84
[04/08/2017 02:09:46] WARNING  | Mod added: darthyoshiboy
[04/08/2017 02:10:07] WARNING  | All active users increased One (1) loyalty point.
[04/08/2017 02:11:08] WARNING  | All active users increased One (1) loyalty point.
[04/08/2017 02:11:58] WARNING  | Mod removed: blahdidah84
[04/08/2017 02:12:11] WARNING  | All active users increased One (1) loyalty point.
[04/08/2017 02:13:12] WARNING  | All active users increased One (1) loyalty point.
[04/08/2017 02:13:17] ERROR    | Lost connection, reconnecting
[04/08/2017 02:15:16] INFO     | Server initialized for eventlet.
[04/08/2017 02:15:16] WARNING  | Signed on as darthyoshibot
[04/08/2017 02:15:18] WARNING  | Reloading commands
[04/08/2017 02:15:18] WARNING  | Joined #darthyoshiboy
[04/08/2017 02:15:19] WARNING  | All active users increased One (1) loyalty point.
[04/08/2017 02:16:10] INFO     | darthyoshiboy: !pix2chat
[04/08/2017 02:16:10] INFO     | darthyoshibot: Hey darthyoshiboy, you have to submit an Imgur link with that command
[04/08/2017 02:16:21] WARNING  | All active users increased One (1) loyalty point.
[04/08/2017 02:16:36] WARNING  | Mod added: darthyoshiboy
[04/08/2017 02:17:00] INFO     | f2cf6e5546564fbd9ad0aa6cd5300e66: Sending packet OPEN data {'pingInterval': 25000, 'pingTimeout': 60000, 'upgrades': ['websocket'], 'sid': 'f2cf6e5546564fbd9ad0aa6cd5300e66'}
[04/08/2017 02:17:00] INFO     | f2cf6e5546564fbd9ad0aa6cd5300e66: Sending packet MESSAGE data 0
[04/08/2017 02:17:00] INFO     | f2cf6e5546564fbd9ad0aa6cd5300e66: Received request to upgrade to websocket
[04/08/2017 02:17:00] INFO     | f2cf6e5546564fbd9ad0aa6cd5300e66: Sending packet NOOP data None
[04/08/2017 02:17:00] INFO     | f2cf6e5546564fbd9ad0aa6cd5300e66: Upgrade to websocket successful
[04/08/2017 02:17:05] INFO     | 701ef65db63a4ba19b833b406e544d22: Sending packet OPEN data {'pingInterval': 25000, 'pingTimeout': 60000, 'upgrades': ['websocket'], 'sid': '701ef65db63a4ba19b833b406e544d22'}
[04/08/2017 02:17:05] INFO     | 701ef65db63a4ba19b833b406e544d22: Sending packet MESSAGE data 0
[04/08/2017 02:17:05] INFO     | 701ef65db63a4ba19b833b406e544d22: Received request to upgrade to websocket
[04/08/2017 02:17:05] INFO     | 701ef65db63a4ba19b833b406e544d22: Sending packet NOOP data None
[04/08/2017 02:17:05] INFO     | 701ef65db63a4ba19b833b406e544d22: Upgrade to websocket successful
[04/08/2017 02:17:19] INFO     | darthyoshiboy: !pix2chat https://i.imgur.com/FcppkbS.jpg
[04/08/2017 02:17:19] INFO     | darthyoshibot: Sorry darthyoshiboy, you haven't got the 120 points needed to PixtoChat
[04/08/2017 02:17:25] WARNING  | All active users increased One (1) loyalty point.
[04/08/2017 02:17:25] INFO     | f2cf6e5546564fbd9ad0aa6cd5300e66: Received packet PING data None
[04/08/2017 02:17:25] INFO     | f2cf6e5546564fbd9ad0aa6cd5300e66: Sending packet PONG data None
[04/08/2017 02:17:29] INFO     | darthyoshiboy: !bonus darthyoshiboy 120
[04/08/2017 02:17:30] INFO     | 701ef65db63a4ba19b833b406e544d22: Received packet PING data None
[04/08/2017 02:17:30] INFO     | 701ef65db63a4ba19b833b406e544d22: Sending packet PONG data None
[04/08/2017 02:17:33] WARNING  | Mod added: darthyoshibot
[04/08/2017 02:17:46] INFO     | revlobot: RevloBot is tracking loyalty!
[04/08/2017 02:17:50] INFO     | darthyoshiboy: !bonus darthyoshiboy 120
[04/08/2017 02:17:50] INFO     | revlobot: darthyoshiboy has been given 120 PP (Pixto Points)
[04/08/2017 02:17:50] INFO     | f2cf6e5546564fbd9ad0aa6cd5300e66: Received packet PING data None
[04/08/2017 02:17:50] INFO     | f2cf6e5546564fbd9ad0aa6cd5300e66: Sending packet PONG data None
[04/08/2017 02:17:54] INFO     | darthyoshiboy: !pix2chat https://i.imgur.com/FcppkbS.jpg
[04/08/2017 02:17:55] INFO     | aad089733789489d8854c79dae3db426: Sending packet OPEN data {'pingInterval': 25000, 'pingTimeout': 60000, 'upgrades': ['websocket'], 'sid': 'aad089733789489d8854c79dae3db426'}
[04/08/2017 02:17:55] INFO     | aad089733789489d8854c79dae3db426: Sending packet MESSAGE data 0
[04/08/2017 02:17:55] INFO     | aad089733789489d8854c79dae3db426: Received request to upgrade to websocket
[04/08/2017 02:17:55] INFO     | aad089733789489d8854c79dae3db426: Sending packet NOOP data None
[04/08/2017 02:17:55] INFO     | aad089733789489d8854c79dae3db426: Upgrade to websocket successful
[04/08/2017 02:17:55] INFO     | aad089733789489d8854c79dae3db426: Received packet PING data None
[04/08/2017 02:17:55] INFO     | aad089733789489d8854c79dae3db426: Sending packet PONG data None
[04/08/2017 02:17:55] INFO     | aad089733789489d8854c79dae3db426: Received packet MESSAGE data 2["image", {"url": "https://i.imgur.com/FcppkbS.jpg", "image": true, "user": "darthyoshiboy", "modded": false}]
[04/08/2017 02:17:55] INFO     | darthyoshibot: darthyoshiboy has redeemed a PixtoChat image!
[04/08/2017 02:17:55] INFO     | received event "image" from aad089733789489d8854c79dae3db426 [/]
[04/08/2017 02:17:55] INFO     | emitting event "image" to all [/]
[04/08/2017 02:17:55] INFO     | f2cf6e5546564fbd9ad0aa6cd5300e66: Sending packet MESSAGE data 2["image",{"url":"https://i.imgur.com/FcppkbS.jpg","image":true,"user":"darthyoshiboy","modded":false}]
[04/08/2017 02:17:55] INFO     | aad089733789489d8854c79dae3db426: Sending packet MESSAGE data 2["image",{"url":"https://i.imgur.com/FcppkbS.jpg","image":true,"user":"darthyoshiboy","modded":false}]
[04/08/2017 02:17:55] INFO     | 701ef65db63a4ba19b833b406e544d22: Sending packet MESSAGE data 2["image",{"url":"https://i.imgur.com/FcppkbS.jpg","image":true,"user":"darthyoshiboy","modded":false}]
[04/08/2017 02:17:55] INFO     | aad089733789489d8854c79dae3db426: Received packet CLOSE data None
[04/08/2017 02:17:55] INFO     | 701ef65db63a4ba19b833b406e544d22: Received packet PING data None
[04/08/2017 02:17:55] INFO     | 701ef65db63a4ba19b833b406e544d22: Sending packet PONG data None
[04/08/2017 02:18:03] INFO     | 701ef65db63a4ba19b833b406e544d22: Received packet MESSAGE data 2["image",{"image":true,"url":"https://i.imgur.com/FcppkbS.jpg","user":"darthyoshiboy","modded":true}]
[04/08/2017 02:18:03] INFO     | received event "image" from 701ef65db63a4ba19b833b406e544d22 [/]
[04/08/2017 02:18:03] INFO     | emitting event "image" to all [/]
[04/08/2017 02:18:03] INFO     | f2cf6e5546564fbd9ad0aa6cd5300e66: Sending packet MESSAGE data 2["image",{"url":"https://i.imgur.com/FcppkbS.jpg","image":true,"user":"darthyoshiboy","modded":true}]
[04/08/2017 02:18:03] INFO     | aad089733789489d8854c79dae3db426: Sending packet MESSAGE data 2["image",{"url":"https://i.imgur.com/FcppkbS.jpg","image":true,"user":"darthyoshiboy","modded":true}]
[04/08/2017 02:18:03] INFO     | 701ef65db63a4ba19b833b406e544d22: Sending packet MESSAGE data 2["image",{"url":"https://i.imgur.com/FcppkbS.jpg","image":true,"user":"darthyoshiboy","modded":true}]
[04/08/2017 02:18:13] INFO     | revlobot: Goodbye
[04/08/2017 02:18:15] INFO     | f2cf6e5546564fbd9ad0aa6cd5300e66: Received packet PING data None
[04/08/2017 02:18:15] INFO     | f2cf6e5546564fbd9ad0aa6cd5300e66: Sending packet PONG data None
[04/08/2017 02:18:20] INFO     | 701ef65db63a4ba19b833b406e544d22: Received packet PING data None
[04/08/2017 02:18:20] INFO     | 701ef65db63a4ba19b833b406e544d22: Sending packet PONG data None
[04/08/2017 02:18:27] WARNING  | All active users increased One (1) loyalty point.
[04/08/2017 02:19:22] INFO     | blahdidah84: what the duck
[04/08/2017 02:19:30] WARNING  | All active users increased One (1) loyalty point.
[04/08/2017 02:20:34] WARNING  | All active users increased One (1) loyalty point.
[04/08/2017 02:20:54] WARNING  | Mod added: blahdidah84
[04/08/2017 02:21:36] WARNING  | All active users increased One (1) loyalty point.
[04/08/2017 02:22:37] WARNING  | All active users increased One (1) loyalty point.
[04/08/2017 02:23:40] WARNING  | All active users increased One (1) loyalty point.
[04/08/2017 02:24:42] WARNING  | All active users increased One (1) loyalty point.
[04/08/2017 02:25:45] WARNING  | All active users increased One (1) loyalty point.
[04/08/2017 02:26:47] WARNING  | All active users increased One (1) loyalty point.
[04/08/2017 02:27:49] WARNING  | All active users increased One (1) loyalty point.
[04/08/2017 02:28:50] WARNING  | All active users increased One (1) loyalty point.
[04/08/2017 02:29:55] WARNING  | All active users increased One (1) loyalty point.
[04/08/2017 02:30:56] WARNING  | All active users increased One (1) loyalty point.
[04/08/2017 02:31:59] WARNING  | All active users increased One (1) loyalty point.
[04/08/2017 02:33:01] WARNING  | All active users increased One (1) loyalty point.
[04/08/2017 02:34:02] WARNING  | All active users increased One (1) loyalty point.
[04/08/2017 02:35:04] WARNING  | All active users increased One (1) loyalty point.
[04/08/2017 02:35:40] ERROR    | Lost connection, reconnecting
